<?xml version="1.0" encoding="UTF-8"?>
<!-- Generated by org.testng.reporters.JUnitXMLReporter -->
<testsuite hostname="ip-172-31-28-201" ignored="1" name="Default test" tests="3" failures="0" timestamp="2022-03-12T09:39:36 UTC" time="16.77" errors="0">
  <testcase name="ExternalDataTest" time="3.542" classname="testcases.LoginTest"/>
  <testcase name="LoginFailureTest" time="3.779" classname="testcases.LoginTest"/>
  <testcase name="LoginSuccessTest" time="1.594" classname="testcases.LoginTest"/>
  <testcase name="ParameterizedTest" time="0.0" classname="testcases.LoginTest">
    <ignored/>
  </testcase> <!-- ParameterizedTest -->
</testsuite> <!-- Default test -->
