<?xml version="1.0" encoding="UTF-8"?>
<!-- Generated by org.testng.reporters.JUnitXMLReporter -->
<testsuite hostname="ip-172-31-28-201" ignored="1" name="Test" tests="3" failures="1" timestamp="2022-03-12T07:40:02 UTC" time="11.195" errors="0">
  <testcase name="ExternalDataTest" time="2.113" classname="testcases.LoginTest">
    <failure type="java.lang.NullPointerException">
      <![CDATA[java.lang.NullPointerException
at pages.LoginPage.LoginFunction(LoginPage.java:51)
at testcases.LoginTest.ExternalDataTest(LoginTest.java:62)
at java.util.ArrayList.forEach(ArrayList.java:1259)
... Removed 27 stack frames]]>
    </failure>
  </testcase> <!-- ExternalDataTest -->
  <testcase name="LoginFailureTest" time="2.344" classname="testcases.LoginTest"/>
  <testcase name="LoginSuccessTest" time="1.73" classname="testcases.LoginTest"/>
  <testcase name="ParameterizedTest" time="0.0" classname="testcases.LoginTest">
    <ignored/>
  </testcase> <!-- ParameterizedTest -->
</testsuite> <!-- Test -->
