<?xml version="1.0" encoding="UTF-8"?>
<!-- Generated by org.testng.reporters.JUnitXMLReporter -->
<testsuite hostname="ip-172-31-28-201" ignored="0" name="Test" tests="4" failures="0" timestamp="2022-03-13T05:00:19 UTC" time="16.315" errors="0">
  <testcase name="ExternalDataTest" time="2.359" classname="testcases.LoginTest"/>
  <testcase name="LoginFailiureTest" time="2.286" classname="testcases.LoginTest"/>
  <testcase name="LoginSuccessTest" time="2.559" classname="testcases.LoginTest"/>
  <testcase name="ParameterizedTest" time="2.649" classname="testcases.LoginTest"/>
</testsuite> <!-- Test -->
